Conversión de Solid Edge en STL
Fecha: Sunday,May 26,2024 06:14PM
Archivo fuente:C:\Users\tobip\Documents\Investigación en ingeniería\Diseños Solid Edge\Caja_base.par
Sistema fuente: SOLID EDGE

Hardware:
Procesador: 11th Gen Intel(R) Core(TM) i7-1165G7 @ 2.80GHz
Sistema operativo: Windows 10
Memoria instalada: 7.78 GB

Información sobre el software:
Versión de Parasolid: 36.0.142
Versión de PSBodyShop: 36.0.108
Versión del adaptador STL: 13.0.193
Versión de Solid Edge: 224.00.00.101 x64

Opciones de exportación de STL:
Formato de la carpeta de salida:BINARY
Exportar las piezas visualizadas: Desactivado
Opción estructural: Monolithic
Unidades de exportación: Millimeter
Valor de la tolerancia de exportación:0.001000
Tipo de tolerancia de exportación: Fine
Valor del ángulo plano de superficie de exportación:0.523599

Avance en la conversión:
Se completó el proceso de conversión
Tiempo necesario para convertir:00 : 00 : 00
